
> react-isomorphic-starterkit@1.0.2 watch-server /Users/mike/Projects/bitwatch
> webpack -wcv --display-error-details --config webpack.server-watch.js

Hash: a5cf052f0fe7c2a3012b
Version: webpack 1.7.2
Time: 10461ms
        Asset     Size  Chunks             Chunk Names
    server.js  2516755       0  [emitted]  main
server.js.map  3052330       0  [emitted]  main
   [0] multi main 28 {0} [built]
    + 486 hidden modules

WARNING in ./~/hapi/~/vision/lib/manager.js
Critical dependencies:
251:33-46 the request of a dependency is an expression
 @ ./~/hapi/~/vision/lib/manager.js 251:33-46

ERROR in ./src/views/Main.jsx
Module build failed: SyntaxError: /Users/mike/Projects/bitwatch/src/views/Main.jsx: Unexpected token (9:12)
   7 | function* getData(urlName) {
   8 | 	return jquery.ajax(
>  9 |         type: 'GET',
     |             ^
  10 |         url: 'http://macbrook.local:8000/api/' + urlName
  11 | 	);
  12 | }
    at raise (/Users/mike/Projects/bitwatch/node_modules/babel-core/node_modules/acorn-babel/acorn_csp.js:343:15)
    at unexpected (/Users/mike/Projects/bitwatch/node_modules/babel-core/node_modules/acorn-babel/acorn_csp.js:2278:5)
    at expect (/Users/mike/Projects/bitwatch/node_modules/babel-core/node_modules/acorn-babel/acorn_csp.js:2266:18)
    at parseExprList (/Users/mike/Projects/bitwatch/node_modules/babel-core/node_modules/acorn-babel/acorn_csp.js:3740:9)
    at parseSubscripts (/Users/mike/Projects/bitwatch/node_modules/babel-core/node_modules/acorn-babel/acorn_csp.js:3154:24)
    at parseSubscripts (/Users/mike/Projects/bitwatch/node_modules/babel-core/node_modules/acorn-babel/acorn_csp.js:3143:14)
    at parseExprSubscripts (/Users/mike/Projects/bitwatch/node_modules/babel-core/node_modules/acorn-babel/acorn_csp.js:3119:12)
    at parseMaybeUnary (/Users/mike/Projects/bitwatch/node_modules/babel-core/node_modules/acorn-babel/acorn_csp.js:3099:16)
    at parseExprOps (/Users/mike/Projects/bitwatch/node_modules/babel-core/node_modules/acorn-babel/acorn_csp.js:3053:16)
    at parseMaybeConditional (/Users/mike/Projects/bitwatch/node_modules/babel-core/node_modules/acorn-babel/acorn_csp.js:3029:16)
 @ ./src/views/Routes.jsx 14:27-44
Hash: 51a5af4d97def0107f48
Version: webpack 1.7.2
Time: 4856ms
        Asset     Size  Chunks             Chunk Names
    server.js  2962450       0  [emitted]  main
server.js.map  3603900       0  [emitted]  main
    + 533 hidden modules

WARNING in ./~/hapi/~/vision/lib/manager.js
Critical dependencies:
251:33-46 the request of a dependency is an expression
 @ ./~/hapi/~/vision/lib/manager.js 251:33-46
Hash: d658b37d42f6c5f6d6e7
Version: webpack 1.7.2
Time: 3203ms
        Asset     Size  Chunks             Chunk Names
    server.js  2962529       0  [emitted]  main
server.js.map  3603978       0  [emitted]  main
    + 533 hidden modules

WARNING in ./~/hapi/~/vision/lib/manager.js
Critical dependencies:
251:33-46 the request of a dependency is an expression
 @ ./~/hapi/~/vision/lib/manager.js 251:33-46
Hash: 0347076b9dc5b32ee0c4
Version: webpack 1.7.2
Time: 2781ms
        Asset     Size  Chunks             Chunk Names
    server.js  2962189       0  [emitted]  main
server.js.map  3603870       0  [emitted]  main
    + 533 hidden modules

WARNING in ./~/hapi/~/vision/lib/manager.js
Critical dependencies:
251:33-46 the request of a dependency is an expression
 @ ./~/hapi/~/vision/lib/manager.js 251:33-46
Hash: 379e0b02b5201b95cb03
Version: webpack 1.7.2
Time: 2664ms
        Asset     Size  Chunks             Chunk Names
    server.js  2961870       0  [emitted]  main
server.js.map  3603860       0  [emitted]  main
    + 533 hidden modules

WARNING in ./~/hapi/~/vision/lib/manager.js
Critical dependencies:
251:33-46 the request of a dependency is an expression
 @ ./~/hapi/~/vision/lib/manager.js 251:33-46
Hash: 162783830ff1908cbb7c
Version: webpack 1.7.2
Time: 2208ms
        Asset     Size  Chunks             Chunk Names
    server.js  2961807       0  [emitted]  main
server.js.map  3603745       0  [emitted]  main
    + 533 hidden modules

WARNING in ./~/hapi/~/vision/lib/manager.js
Critical dependencies:
251:33-46 the request of a dependency is an expression
 @ ./~/hapi/~/vision/lib/manager.js 251:33-46
Hash: 05388525fda7bbabc7d2
Version: webpack 1.7.2
Time: 2564ms
        Asset     Size  Chunks             Chunk Names
    server.js  2961910       0  [emitted]  main
server.js.map  3603953       0  [emitted]  main
    + 533 hidden modules

WARNING in ./~/hapi/~/vision/lib/manager.js
Critical dependencies:
251:33-46 the request of a dependency is an expression
 @ ./~/hapi/~/vision/lib/manager.js 251:33-46
Hash: a2b87fe4fd92b0dfafd3
Version: webpack 1.7.2
Time: 2802ms
        Asset     Size  Chunks             Chunk Names
    server.js  2961931       0  [emitted]  main
server.js.map  3603989       0  [emitted]  main
    + 533 hidden modules

WARNING in ./~/hapi/~/vision/lib/manager.js
Critical dependencies:
251:33-46 the request of a dependency is an expression
 @ ./~/hapi/~/vision/lib/manager.js 251:33-46
Hash: 4da3f226851fc293b666
Version: webpack 1.7.2
Time: 2365ms
        Asset     Size  Chunks             Chunk Names
    server.js  2961919       0  [emitted]  main
server.js.map  3603977       0  [emitted]  main
    + 533 hidden modules

WARNING in ./~/hapi/~/vision/lib/manager.js
Critical dependencies:
251:33-46 the request of a dependency is an expression
 @ ./~/hapi/~/vision/lib/manager.js 251:33-46
Hash: a3357f86dfd3cb5f71d6
Version: webpack 1.7.2
Time: 3028ms
        Asset     Size  Chunks             Chunk Names
    server.js  2961912       0  [emitted]  main
server.js.map  3603960       0  [emitted]  main
    + 533 hidden modules

WARNING in ./~/hapi/~/vision/lib/manager.js
Critical dependencies:
251:33-46 the request of a dependency is an expression
 @ ./~/hapi/~/vision/lib/manager.js 251:33-46
Hash: 20dab6cce5d434215d11
Version: webpack 1.7.2
Time: 2621ms
        Asset     Size  Chunks             Chunk Names
    server.js  2961426       0  [emitted]  main
server.js.map  3603327       0  [emitted]  main
    + 533 hidden modules

WARNING in ./~/hapi/~/vision/lib/manager.js
Critical dependencies:
251:33-46 the request of a dependency is an expression
 @ ./~/hapi/~/vision/lib/manager.js 251:33-46

ERROR in ./src/views/Ticker.jsx
Module build failed: SyntaxError: /Users/mike/Projects/bitwatch/src/views/Ticker.jsx: Unexpected token (7:32)
   5 | 	render() {
   6 | 		return (
>  7 | 			console.log(this.props.price);
     |                                 ^
   8 | 			<div className="col-md-6"><h1>{this.props.name} @ {this.props.price}</h1></div>
   9 | 		);
  10 | 	}
    at raise (/Users/mike/Projects/bitwatch/node_modules/babel-core/node_modules/acorn-babel/acorn_csp.js:343:15)
    at unexpected (/Users/mike/Projects/bitwatch/node_modules/babel-core/node_modules/acorn-babel/acorn_csp.js:2278:5)
    at expect (/Users/mike/Projects/bitwatch/node_modules/babel-core/node_modules/acorn-babel/acorn_csp.js:2266:18)
    at parseParenAndDistinguishExpression (/Users/mike/Projects/bitwatch/node_modules/babel-core/node_modules/acorn-babel/acorn_csp.js:3326:33)
    at parseExprAtom (/Users/mike/Projects/bitwatch/node_modules/babel-core/node_modules/acorn-babel/acorn_csp.js:3245:14)
    at parseExprSubscripts (/Users/mike/Projects/bitwatch/node_modules/babel-core/node_modules/acorn-babel/acorn_csp.js:3117:16)
    at parseMaybeUnary (/Users/mike/Projects/bitwatch/node_modules/babel-core/node_modules/acorn-babel/acorn_csp.js:3099:16)
    at parseExprOps (/Users/mike/Projects/bitwatch/node_modules/babel-core/node_modules/acorn-babel/acorn_csp.js:3053:16)
    at parseMaybeConditional (/Users/mike/Projects/bitwatch/node_modules/babel-core/node_modules/acorn-babel/acorn_csp.js:3029:16)
    at parseMaybeAssign (/Users/mike/Projects/bitwatch/node_modules/babel-core/node_modules/acorn-babel/acorn_csp.js:3008:16)
 @ ./src/views/Main.jsx 9:29-48
Hash: a3357f86dfd3cb5f71d6
Version: webpack 1.7.2
Time: 3057ms
        Asset     Size  Chunks             Chunk Names
    server.js  2961912       0  [emitted]  main
server.js.map  3603960       0  [emitted]  main
    + 533 hidden modules

WARNING in ./~/hapi/~/vision/lib/manager.js
Critical dependencies:
251:33-46 the request of a dependency is an expression
 @ ./~/hapi/~/vision/lib/manager.js 251:33-46
Hash: 46e839b0a747d06e5d6a
Version: webpack 1.7.2
Time: 2749ms
        Asset     Size  Chunks             Chunk Names
    server.js  2961938       0  [emitted]  main
server.js.map  3604033       0  [emitted]  main
    + 533 hidden modules

WARNING in ./~/hapi/~/vision/lib/manager.js
Critical dependencies:
251:33-46 the request of a dependency is an expression
 @ ./~/hapi/~/vision/lib/manager.js 251:33-46
Hash: 1e636c945f1fd32835e4
Version: webpack 1.7.2
Time: 2153ms
        Asset     Size  Chunks             Chunk Names
    server.js  2962009       0  [emitted]  main
server.js.map  3604152       0  [emitted]  main
    + 533 hidden modules

WARNING in ./~/hapi/~/vision/lib/manager.js
Critical dependencies:
251:33-46 the request of a dependency is an expression
 @ ./~/hapi/~/vision/lib/manager.js 251:33-46
Hash: f793b71b01bbcd48e02f
Version: webpack 1.7.2
Time: 2600ms
        Asset     Size  Chunks             Chunk Names
    server.js  2962036       0  [emitted]  main
server.js.map  3604218       0  [emitted]  main
    + 533 hidden modules

WARNING in ./~/hapi/~/vision/lib/manager.js
Critical dependencies:
251:33-46 the request of a dependency is an expression
 @ ./~/hapi/~/vision/lib/manager.js 251:33-46
Hash: 63d30ac3a6f54077538b
Version: webpack 1.7.2
Time: 3029ms
        Asset     Size  Chunks             Chunk Names
    server.js  2962110       0  [emitted]  main
server.js.map  3604351       0  [emitted]  main
    + 533 hidden modules

WARNING in ./~/hapi/~/vision/lib/manager.js
Critical dependencies:
251:33-46 the request of a dependency is an expression
 @ ./~/hapi/~/vision/lib/manager.js 251:33-46
Hash: 3e8a22151800529c98c9
Version: webpack 1.7.2
Time: 4837ms
        Asset     Size  Chunks             Chunk Names
    server.js  2962083       0  [emitted]  main
server.js.map  3604285       0  [emitted]  main
    + 533 hidden modules

WARNING in ./~/hapi/~/vision/lib/manager.js
Critical dependencies:
251:33-46 the request of a dependency is an expression
 @ ./~/hapi/~/vision/lib/manager.js 251:33-46
Hash: 3acc52b9e0cbd172522b
Version: webpack 1.7.2
Time: 2355ms
        Asset     Size  Chunks             Chunk Names
    server.js  2962012       0  [emitted]  main
server.js.map  3604166       0  [emitted]  main
    + 533 hidden modules

WARNING in ./~/hapi/~/vision/lib/manager.js
Critical dependencies:
251:33-46 the request of a dependency is an expression
 @ ./~/hapi/~/vision/lib/manager.js 251:33-46
Hash: f7cc036d422c8b04be85
Version: webpack 1.7.2
Time: 2555ms
        Asset     Size  Chunks             Chunk Names
    server.js  2516781       0  [emitted]  main
server.js.map  3052403       0  [emitted]  main
    + 487 hidden modules

WARNING in ./~/hapi/~/vision/lib/manager.js
Critical dependencies:
251:33-46 the request of a dependency is an expression
 @ ./~/hapi/~/vision/lib/manager.js 251:33-46

ERROR in ./src/views/Main.jsx
Module build failed: SyntaxError: /Users/mike/Projects/bitwatch/src/views/Main.jsx: Unexpected token (35:6)
  33 | 	getInitialState: function() {
  34 | 
> 35 | 		var return = this.updateData();
     |       ^
  36 | 		console.log(return);
  37 | 		return return;
  38 | 	},
    at raise (/Users/mike/Projects/bitwatch/node_modules/babel-core/node_modules/acorn-babel/acorn_csp.js:343:15)
    at unexpected (/Users/mike/Projects/bitwatch/node_modules/babel-core/node_modules/acorn-babel/acorn_csp.js:2278:5)
    at parseBindingAtom (/Users/mike/Projects/bitwatch/node_modules/babel-core/node_modules/acorn-babel/acorn_csp.js:2395:9)
    at parseVar (/Users/mike/Projects/bitwatch/node_modules/babel-core/node_modules/acorn-babel/acorn_csp.js:2954:17)
    at parseVarStatement (/Users/mike/Projects/bitwatch/node_modules/babel-core/node_modules/acorn-babel/acorn_csp.js:2842:5)
    at parseStatement (/Users/mike/Projects/bitwatch/node_modules/babel-core/node_modules/acorn-babel/acorn_csp.js:2610:23)
    at parseBlock (/Users/mike/Projects/bitwatch/node_modules/babel-core/node_modules/acorn-babel/acorn_csp.js:2905:18)
    at parseFunctionBody (/Users/mike/Projects/bitwatch/node_modules/babel-core/node_modules/acorn-babel/acorn_csp.js:3602:19)
    at parseFunction (/Users/mike/Projects/bitwatch/node_modules/babel-core/node_modules/acorn-babel/acorn_csp.js:3549:5)
    at parseExprAtom (/Users/mike/Projects/bitwatch/node_modules/babel-core/node_modules/acorn-babel/acorn_csp.js:3263:14)
 @ ./src/views/Routes.jsx 14:27-44
Hash: 3e9102c23b0b2193cc58
Version: webpack 1.7.2
Time: 7528ms
        Asset     Size  Chunks             Chunk Names
    server.js  2962054       0  [emitted]  main
server.js.map  3604281       0  [emitted]  main
    + 533 hidden modules

WARNING in ./~/hapi/~/vision/lib/manager.js
Critical dependencies:
251:33-46 the request of a dependency is an expression
 @ ./~/hapi/~/vision/lib/manager.js 251:33-46
Hash: a113c8f6470327171cfe
Version: webpack 1.7.2
Time: 2246ms
        Asset     Size  Chunks             Chunk Names
    server.js  2962152       0  [emitted]  main
server.js.map  3604388       0  [emitted]  main
    + 533 hidden modules

WARNING in ./~/hapi/~/vision/lib/manager.js
Critical dependencies:
251:33-46 the request of a dependency is an expression
 @ ./~/hapi/~/vision/lib/manager.js 251:33-46
Hash: 72228ed473ebcf61b22c
Version: webpack 1.7.2
Time: 2282ms
        Asset     Size  Chunks             Chunk Names
    server.js  2962196       0  [emitted]  main
server.js.map  3604453       0  [emitted]  main
    + 533 hidden modules

WARNING in ./~/hapi/~/vision/lib/manager.js
Critical dependencies:
251:33-46 the request of a dependency is an expression
 @ ./~/hapi/~/vision/lib/manager.js 251:33-46
Hash: eb6e0293c96d22d3f8c7
Version: webpack 1.7.2
Time: 3739ms
        Asset     Size  Chunks             Chunk Names
    server.js  2962237       0  [emitted]  main
server.js.map  3604534       0  [emitted]  main
    + 533 hidden modules

WARNING in ./~/hapi/~/vision/lib/manager.js
Critical dependencies:
251:33-46 the request of a dependency is an expression
 @ ./~/hapi/~/vision/lib/manager.js 251:33-46
Hash: 6a9a6133acb7a6fd2636
Version: webpack 1.7.2
Time: 2117ms
        Asset     Size  Chunks             Chunk Names
    server.js  2962312       0  [emitted]  main
server.js.map  3604724       0  [emitted]  main
    + 533 hidden modules

WARNING in ./~/hapi/~/vision/lib/manager.js
Critical dependencies:
251:33-46 the request of a dependency is an expression
 @ ./~/hapi/~/vision/lib/manager.js 251:33-46
Hash: 0b32ce9335934feb06c3
Version: webpack 1.7.2
Time: 2780ms
        Asset     Size  Chunks             Chunk Names
    server.js  2962320       0  [emitted]  main
server.js.map  3604756       0  [emitted]  main
    + 533 hidden modules

WARNING in ./~/hapi/~/vision/lib/manager.js
Critical dependencies:
251:33-46 the request of a dependency is an expression
 @ ./~/hapi/~/vision/lib/manager.js 251:33-46
Hash: 3196278a9995c3394f96
Version: webpack 1.7.2
Time: 4474ms
        Asset     Size  Chunks             Chunk Names
    server.js  2962300       0  [emitted]  main
server.js.map  3604695       0  [emitted]  main
    + 533 hidden modules

WARNING in ./~/hapi/~/vision/lib/manager.js
Critical dependencies:
251:33-46 the request of a dependency is an expression
 @ ./~/hapi/~/vision/lib/manager.js 251:33-46
Hash: 0b32ce9335934feb06c3
Version: webpack 1.7.2
Time: 3025ms
        Asset     Size  Chunks             Chunk Names
    server.js  2962320       0  [emitted]  main
server.js.map  3604752       0  [emitted]  main
    + 533 hidden modules

WARNING in ./~/hapi/~/vision/lib/manager.js
Critical dependencies:
251:33-46 the request of a dependency is an expression
 @ ./~/hapi/~/vision/lib/manager.js 251:33-46
Hash: 7dd2eda2fcb4f1fec692
Version: webpack 1.7.2
Time: 2571ms
        Asset     Size  Chunks             Chunk Names
    server.js  2962484       0  [emitted]  main
server.js.map  3605084       0  [emitted]  main
    + 533 hidden modules

WARNING in ./~/hapi/~/vision/lib/manager.js
Critical dependencies:
251:33-46 the request of a dependency is an expression
 @ ./~/hapi/~/vision/lib/manager.js 251:33-46
Hash: a95dd597f16a2a66675c
Version: webpack 1.7.2
Time: 2530ms
        Asset     Size  Chunks             Chunk Names
    server.js  2962498       0  [emitted]  main
server.js.map  3605105       0  [emitted]  main
    + 533 hidden modules

WARNING in ./~/hapi/~/vision/lib/manager.js
Critical dependencies:
251:33-46 the request of a dependency is an expression
 @ ./~/hapi/~/vision/lib/manager.js 251:33-46
Hash: 6199e565e4accbecd0ce
Version: webpack 1.7.2
Time: 4202ms
        Asset     Size  Chunks             Chunk Names
    server.js  2962476       0  [emitted]  main
server.js.map  3605041       0  [emitted]  main
    + 533 hidden modules

WARNING in ./~/hapi/~/vision/lib/manager.js
Critical dependencies:
251:33-46 the request of a dependency is an expression
 @ ./~/hapi/~/vision/lib/manager.js 251:33-46
Hash: e964372a06f02b1268eb
Version: webpack 1.7.2
Time: 4774ms
        Asset     Size  Chunks             Chunk Names
    server.js  2962478       0  [emitted]  main
server.js.map  3605044       0  [emitted]  main
    + 533 hidden modules

WARNING in ./~/hapi/~/vision/lib/manager.js
Critical dependencies:
251:33-46 the request of a dependency is an expression
 @ ./~/hapi/~/vision/lib/manager.js 251:33-46
Hash: 73a6412a3df04739c2cc
Version: webpack 1.7.2
Time: 2987ms
        Asset     Size  Chunks             Chunk Names
    server.js  2962488       0  [emitted]  main
server.js.map  3605064       0  [emitted]  main
    + 533 hidden modules

WARNING in ./~/hapi/~/vision/lib/manager.js
Critical dependencies:
251:33-46 the request of a dependency is an expression
 @ ./~/hapi/~/vision/lib/manager.js 251:33-46
Hash: e964372a06f02b1268eb
Version: webpack 1.7.2
Time: 3604ms
        Asset     Size  Chunks             Chunk Names
    server.js  2962478       0  [emitted]  main
server.js.map  3605044       0  [emitted]  main
    + 533 hidden modules

WARNING in ./~/hapi/~/vision/lib/manager.js
Critical dependencies:
251:33-46 the request of a dependency is an expression
 @ ./~/hapi/~/vision/lib/manager.js 251:33-46
Hash: a95dd597f16a2a66675c
Version: webpack 1.7.2
Time: 2881ms
        Asset     Size  Chunks             Chunk Names
    server.js  2962498       0  [emitted]  main
server.js.map  3605101       0  [emitted]  main
    + 533 hidden modules

WARNING in ./~/hapi/~/vision/lib/manager.js
Critical dependencies:
251:33-46 the request of a dependency is an expression
 @ ./~/hapi/~/vision/lib/manager.js 251:33-46
Hash: e964372a06f02b1268eb
Version: webpack 1.7.2
Time: 3632ms
        Asset     Size  Chunks             Chunk Names
    server.js  2962478       0  [emitted]  main
server.js.map  3605044       0  [emitted]  main
    + 533 hidden modules

WARNING in ./~/hapi/~/vision/lib/manager.js
Critical dependencies:
251:33-46 the request of a dependency is an expression
 @ ./~/hapi/~/vision/lib/manager.js 251:33-46
Hash: 06397c006e59d228bdab
Version: webpack 1.7.2
Time: 2319ms
        Asset     Size  Chunks             Chunk Names
    server.js  2962495       0  [emitted]  main
server.js.map  3605093       0  [emitted]  main
    + 533 hidden modules

WARNING in ./~/hapi/~/vision/lib/manager.js
Critical dependencies:
251:33-46 the request of a dependency is an expression
 @ ./~/hapi/~/vision/lib/manager.js 251:33-46
Hash: 14aaadec595678752534
Version: webpack 1.7.2
Time: 3219ms
        Asset     Size  Chunks             Chunk Names
    server.js  2962518       0  [emitted]  main
server.js.map  3605153       0  [emitted]  main
    + 533 hidden modules

WARNING in ./~/hapi/~/vision/lib/manager.js
Critical dependencies:
251:33-46 the request of a dependency is an expression
 @ ./~/hapi/~/vision/lib/manager.js 251:33-46
Hash: 8e0aaeab3bfe5a02d98f
Version: webpack 1.7.2
Time: 4069ms
        Asset     Size  Chunks             Chunk Names
    server.js  2962516       0  [emitted]  main
server.js.map  3605146       0  [emitted]  main
    + 533 hidden modules

WARNING in ./~/hapi/~/vision/lib/manager.js
Critical dependencies:
251:33-46 the request of a dependency is an expression
 @ ./~/hapi/~/vision/lib/manager.js 251:33-46
Hash: 14aaadec595678752534
Version: webpack 1.7.2
Time: 3062ms
        Asset     Size  Chunks             Chunk Names
    server.js  2962518       0  [emitted]  main
server.js.map  3605153       0  [emitted]  main
    + 533 hidden modules

WARNING in ./~/hapi/~/vision/lib/manager.js
Critical dependencies:
251:33-46 the request of a dependency is an expression
 @ ./~/hapi/~/vision/lib/manager.js 251:33-46
Hash: 3dd1b218bd034da411c9
Version: webpack 1.7.2
Time: 4366ms
        Asset     Size  Chunks             Chunk Names
    server.js  3080343       0  [emitted]  main
server.js.map  3738307       0  [emitted]  main
    + 563 hidden modules

WARNING in ./~/hapi/~/vision/lib/manager.js
Critical dependencies:
251:33-46 the request of a dependency is an expression
 @ ./~/hapi/~/vision/lib/manager.js 251:33-46
Hash: cbb49866bcc235032bf1
Version: webpack 1.7.2
Time: 2905ms
        Asset     Size  Chunks             Chunk Names
    server.js  3080311       0  [emitted]  main
server.js.map  3738288       0  [emitted]  main
    + 563 hidden modules

WARNING in ./~/hapi/~/vision/lib/manager.js
Critical dependencies:
251:33-46 the request of a dependency is an expression
 @ ./~/hapi/~/vision/lib/manager.js 251:33-46
Hash: 58eaf3968760c7d399fe
Version: webpack 1.7.2
Time: 4989ms
        Asset     Size  Chunks             Chunk Names
    server.js  3080343       0  [emitted]  main
server.js.map  3738353       0  [emitted]  main
    + 563 hidden modules

WARNING in ./~/hapi/~/vision/lib/manager.js
Critical dependencies:
251:33-46 the request of a dependency is an expression
 @ ./~/hapi/~/vision/lib/manager.js 251:33-46
